number,value,datetime_start,datetime_complete,duration,params_colsample_bytree,params_learning_rate,params_max_depth,params_min_child_weight,params_n_estimators,params_reg_lambda,params_subsample,user_attrs_dp_mae,user_attrs_mae_por_fold,system_attrs_tpe:relative_params:0,state
0,1.9967302332700243,2026-10-01 17:45:35.572887,2026-10-01 17:45:35.698193,0 days 00:00:00.125306,0.7467983561008608,0.10790061933340454,5,5.190609389379256,120,0.13066739238053282,0.7468055921327309,0.17307373974155915,"[2.11125126183033, 1.806479662656784, 1.8116314291954039, 2.0937494096301847, 2.1605394030374194]",,COMPLETE
1,1.948384536552051,2026-10-01 17:45:35.698225,2026-10-01 17:45:35.902492,0 days 00:00:00.204267,0.9497327922401265,0.10211806418789517,4,1.1440914600706171,240,0.26587543983272705,0.9909729556485982,0.17737326869757952,"[2.120783391594887, 1.7836152583360674, 1.7342086642980574, 2.0218849182128906, 2.0814304503183516]",,COMPLETE
2,2.177362135752799,2026-10-01 17:45:35.902532,2026-10-01 17:45:35.977700,0 days 00:00:00.075168,0.7873687420594125,0.04029695576831731,2,4.673295021425664,80,1.6738085788752133,0.8295835055926347,0.13266110896163769,"[2.34163136780262, 2.1615592509508135, 1.984994462132454, 2.148358002919999, 2.250267594958108]",,COMPLETE
3,2.107637431460714,2026-10-01 17:45:35.977738,2026-10-01 17:45:36.060117,0 days 00:00:00.082379,0.7599021346475079,0.04649345697900868,3,4.192489889519251,80,1.0677482709481354,0.935552788417904,0.10955771062287302,"[2.238622280955315, 2.0452806890010837, 1.9546781063079834, 2.1524242401123046, 2.1471818409268812]",,COMPLETE
4,2.053116124433184,2026-10-01 17:45:36.060154,2026-10-01 17:45:36.165569,0 days 00:00:00.105415,0.984665661176,0.0810167556265935,2,2.193668865811041,160,8.536189862866832,0.7195154778955838,0.16635931051821407,"[2.211026242375374, 1.955891191959381, 1.8096555680036543, 2.1315244553581114, 2.157483164469401]",,COMPLETE
5,2.0524591259256244,2026-10-01 17:45:36.165608,2026-10-01 17:45:36.308643,0 days 00:00:00.143035,0.7366114704534336,0.025043908574120786,3,5.789631185585098,240,0.978033701665941,0.8320457481218804,0.11166299946223524,"[2.138539186120034, 1.9249781996011734, 1.9366847604513167, 2.1461730109320745, 2.115920472523523]",,COMPLETE
6,2.0920413471214356,2026-10-01 17:45:36.308682,2026-10-01 17:45:36.419816,0 days 00:00:00.111134,0.8560204063533432,0.0362919227069805,5,5.637655990477874,80,1.2399967836846095,0.7935133228268233,0.13605682442813768,"[2.2623660504817966, 2.059714984893799, 1.9466450333595275, 1.988915976267012, 2.2025646906050427]",,COMPLETE
7,2.019179017051818,2026-10-01 17:45:36.419854,2026-10-01 17:45:36.527943,0 days 00:00:00.108089,0.8793699936433255,0.11916886939345038,5,7.576492590949324,80,6.978281265126034,0.9684482051282947,0.14347997995865422,"[2.101365724205971, 1.852188029885292, 1.8759535491466521, 2.1087699647933715, 2.1576178172278033]",,COMPLETE
8,2.7348173480185256,2026-10-01 17:45:36.527981,2026-10-01 17:45:36.622820,0 days 00:00:00.094839,0.7814047095321688,0.022195109122206198,2,3.2773123153428503,80,4.544383960336017,0.8166031869068446,0.2637235719228558,"[2.946955823898316, 2.6796439588069916, 2.4804743945598604, 2.5000260428776815, 3.066986519949777]",,COMPLETE
9,2.075459503919359,2026-10-01 17:45:36.622858,2026-10-01 17:45:36.720450,0 days 00:00:00.097592,0.7223651931039312,0.06977921490278444,3,1.9864695748233385,120,9.413993046829944,0.9406590942262119,0.10713708724075993,"[2.1870776504278187, 2.065513864159584, 1.900943750143051, 2.122995933653816, 2.100766321212526]",,COMPLETE
10,2.0002842557714096,2026-10-01 17:45:36.720512,2026-10-01 17:45:36.916298,0 days 00:00:00.195786,0.9163247661371307,0.1384706775718056,4,2.7561977141737035,240,0.2661376907432315,0.9805681053918518,0.14322205734224447,"[2.1184575855731964, 1.9008051693439483, 1.8101713627576825, 2.025354824368916, 2.1466323368133056]","{""colsample_bytree"": 0.9163247661371307, ""learning_rate"": 0.1384706775718056, ""max_depth"": 4, ""min_child_weight"": 2.7561977141737035, ""n_estimators"": 240, ""reg_lambda"": 0.2661376907432315, ""subsample"": 0.9805681053918518}",COMPLETE
11,1.9797561552884086,2026-10-01 17:45:36.916370,2026-10-01 17:45:37.094467,0 days 00:00:00.178097,0.9620252439413393,0.07885144830328518,4,1.1777371426346843,200,0.13416976821420193,0.886167814592064,0.13208016067610548,"[2.0598116844892504, 1.8656031429767608, 1.8098389446735381, 2.0636248512873574, 2.0999021530151367]","{""colsample_bytree"": 0.9620252439413393, ""learning_rate"": 0.07885144830328518, ""max_depth"": 4, ""min_child_weight"": 1.1777371426346843, ""n_estimators"": 200, ""reg_lambda"": 0.13416976821420193, ""subsample"": 0.886167814592064}",COMPLETE
12,2.0582206190673134,2026-10-01 17:45:37.094505,2026-10-01 17:45:37.355710,0 days 00:00:00.261205,0.9710328078837795,0.16357917942269348,5,1.4473123129259418,240,0.30634954250843416,0.8923732882433588,0.16828687833968278,"[2.240513175725937, 2.017572891712189, 1.8165373116731642, 2.0216823335677856, 2.19479738265749]","{""colsample_bytree"": 0.9710328078837795, ""learning_rate"": 0.16357917942269348, ""max_depth"": 5, ""min_child_weight"": 1.4473123129259418, ""n_estimators"": 240, ""reg_lambda"": 0.30634954250843416, ""subsample"": 0.8923732882433588}",COMPLETE
13,1.9928670183439103,2026-10-01 17:45:37.355749,2026-10-01 17:45:37.520877,0 days 00:00:00.165128,0.9656208213901973,0.059845384802310816,3,2.0427842704653725,240,0.19401950111977392,0.9266765466960775,0.13814663253850668,"[2.1244305670261383, 1.9035360634326937, 1.7957301855087278, 2.060613753303649, 2.080024522448343]","{""colsample_bytree"": 0.9656208213901973, ""learning_rate"": 0.059845384802310816, ""max_depth"": 3, ""min_child_weight"": 2.0427842704653725, ""n_estimators"": 240, ""reg_lambda"": 0.19401950111977392, ""subsample"": 0.9266765466960775}",COMPLETE
14,1.9827632085576892,2026-10-01 17:45:37.520918,2026-10-01 17:45:37.676356,0 days 00:00:00.155438,0.9351460682552739,0.09149625128850243,4,1.56813614104202,160,0.1609537945905851,0.9253017287807033,0.07933442272178472,"[2.0847326397895816, 1.916935819387436, 1.889146164059639, 2.007695879255022, 2.0153055402967666]","{""colsample_bytree"": 0.9351460682552739, ""learning_rate"": 0.09149625128850243, ""max_depth"": 4, ""min_child_weight"": 1.56813614104202, ""n_estimators"": 160, ""reg_lambda"": 0.1609537945905851, ""subsample"": 0.9253017287807033}",COMPLETE
15,2.0311603931302114,2026-10-01 17:45:37.676398,2026-10-01 17:45:37.832044,0 days 00:00:00.155646,0.9635291444797827,0.12830851126552403,4,2.0490488153931716,160,0.5359247859847688,0.9073385130331633,0.1623820051452978,"[2.1338700085878375, 1.9572983503341677, 1.8187821626663205, 2.005621561928401, 2.2402298821343316]","{""colsample_bytree"": 0.9635291444797827, ""learning_rate"": 0.12830851126552403, ""max_depth"": 4, ""min_child_weight"": 2.0490488153931716, ""n_estimators"": 160, ""reg_lambda"": 0.5359247859847688, ""subsample"": 0.9073385130331633}",COMPLETE
16,1.9570197654432722,2026-10-01 17:45:37.832083,2026-10-01 17:45:38.060143,0 days 00:00:00.228060,0.9936587427197565,0.09232306900100926,5,1.2744361086172793,200,0.11063283297829274,0.9966212270474478,0.08884835709069246,"[2.0365031570196153, 1.9050623029470444, 1.8451917856931686, 1.9421619324457078, 2.0561796491108244]","{""colsample_bytree"": 0.9936587427197565, ""learning_rate"": 0.09232306900100926, ""max_depth"": 5, ""min_child_weight"": 1.2744361086172793, ""n_estimators"": 200, ""reg_lambda"": 0.11063283297829274, ""subsample"": 0.9966212270474478}",COMPLETE
17,2.0109449637409242,2026-10-01 17:45:38.060183,2026-10-01 17:45:38.217007,0 days 00:00:00.156824,0.8976597859475667,0.1542379343492779,4,2.7974436048744042,160,0.2796002857231157,0.9506539602414266,0.15739947757231668,"[2.0982229858636856, 1.9625074058771133, 1.8168957561254502, 1.948130746871706, 2.2289679239666653]","{""colsample_bytree"": 0.8976597859475667, ""learning_rate"": 0.1542379343492779, ""max_depth"": 4, ""min_child_weight"": 2.7974436048744042, ""n_estimators"": 160, ""reg_lambda"": 0.2796002857231157, ""subsample"": 0.9506539602414266}",COMPLETE
18,1.9920768209866115,2026-10-01 17:45:38.217047,2026-10-01 17:45:38.453284,0 days 00:00:00.236237,0.9148548980727821,0.0763172522870951,5,1.5813967435169627,200,0.5002171009062792,0.9053968339373759,0.10264818492420766,"[2.0785270392894746, 1.9598746418952944, 1.827394253015518, 2.0328417823428198, 2.0617463883899507]","{""colsample_bytree"": 0.9148548980727821, ""learning_rate"": 0.0763172522870951, ""max_depth"": 5, ""min_child_weight"": 1.5813967435169627, ""n_estimators"": 200, ""reg_lambda"": 0.5002171009062792, ""subsample"": 0.9053968339373759}",COMPLETE
19,1.9482032327803354,2026-10-01 17:45:38.453352,2026-10-01 17:45:38.633991,0 days 00:00:00.180639,0.9958282912074427,0.06616558444672582,4,1.0981987575734145,200,0.65976564638979,0.9264334474512869,0.15231239003547273,"[2.0549386948347093, 1.8849620491266252, 1.7222023367881771, 1.9699093894352988, 2.109003693716866]","{""colsample_bytree"": 0.9958282912074427, ""learning_rate"": 0.06616558444672582, ""max_depth"": 4, ""min_child_weight"": 1.0981987575734145, ""n_estimators"": 200, ""reg_lambda"": 0.65976564638979, ""subsample"": 0.9264334474512869}",COMPLETE
