number,value,datetime_start,datetime_complete,duration,params_max_depth,params_max_features,params_min_samples_leaf,params_n_estimators,user_attrs_dp_mae,user_attrs_mae_por_fold,system_attrs_tpe:relative_params:0,state
0,2.0249367972883596,2026-10-01 17:45:19.736795,2026-10-01 17:45:20.271802,0 days 00:00:00.535007,,0.7,1,120,0.1088997768923558,"[2.001901041666667, 2.0389192708333317, 1.8590885416666676, 2.156600529100528, 2.068174603174605]",,COMPLETE
1,2.1715840154921175,2026-10-01 17:45:20.271868,2026-10-01 17:45:21.012841,0 days 00:00:00.740973,4.0,1.0,2,200,0.05485350331802907,"[2.17339341235274, 2.1577009760776313, 2.1097424472579953, 2.1571436352733993, 2.2599396064988215]",,COMPLETE
2,2.1599664158009224,2026-10-01 17:45:21.012888,2026-10-01 17:45:21.606240,0 days 00:00:00.593352,4.0,0.7,3,160,0.0654182749266825,"[2.190079646648422, 2.1714545623394406, 2.045186805247341, 2.1858894016201784, 2.207221663149229]",,COMPLETE
3,2.1131457155744595,2026-10-01 17:45:21.606281,2026-10-01 17:45:22.197368,0 days 00:00:00.591087,6.0,0.7,6,160,0.08189780195073029,"[2.1927610218161475, 2.0920649905349253, 1.9836100427398502, 2.167958664893085, 2.129333857888289]",,COMPLETE
4,2.1725711753780415,2026-10-01 17:45:22.197408,2026-10-01 17:45:22.646689,0 days 00:00:00.449281,4.0,0.7,1,120,0.05606235920915808,"[2.1679431472520676, 2.1906517291511096, 2.0802443844905305, 2.194849982947168, 2.229166633049331]",,COMPLETE
5,2.089703156320574,2026-10-01 17:45:22.646729,2026-10-01 17:45:23.374470,0 days 00:00:00.727741,16.0,0.7,5,200,0.09189037401449272,"[2.1644888608152755, 2.0879702873853594, 1.9396763178783851, 2.1649930659467835, 2.0913872495770662]",,COMPLETE
6,2.0598157096381877,2026-10-01 17:45:23.374510,2026-10-01 17:45:24.070831,0 days 00:00:00.696321,,1.0,3,160,0.12645977547458237,"[2.1574804047406593, 2.0288561018246085, 1.8521650194965638, 2.115801125709608, 2.1447758964194974]",,COMPLETE
7,2.1075716047679007,2026-10-01 17:45:24.070868,2026-10-01 17:45:24.520746,0 days 00:00:00.449878,10.0,0.7,6,120,0.09440656826964926,"[2.2034365476227062, 2.0682871029420933, 1.9634773846877018, 2.16406753183797, 2.138589456749033]",,COMPLETE
8,2.078463360102544,2026-10-01 17:45:24.520786,2026-10-01 17:45:24.885508,0 days 00:00:00.364722,,1.0,3,80,0.15262974146557803,"[2.1645770947260212, 2.0787745510240634, 1.8140615884766262, 2.170730813443611, 2.164172752842398]",,COMPLETE
9,2.0795827838100696,2026-10-01 17:45:24.885606,2026-10-01 17:45:25.629960,0 days 00:00:00.744354,16.0,0.7,4,200,0.09765960423352074,"[2.1324599971898, 2.04393810036048, 1.9373591356923567, 2.1970514915601034, 2.0871051942476075]",,COMPLETE
10,2.096795151908434,2026-10-01 17:45:25.629998,2026-10-01 17:45:26.567533,0 days 00:00:00.937535,,1.0,5,240,0.10441645879424703,"[2.188567032514047, 2.0471327891628075, 1.9367051447552657, 2.147592387098086, 2.1639784060119633]","{""max_depth"": null, ""max_features"": 1.0, ""min_samples_leaf"": 5, ""n_estimators"": 240}",COMPLETE
11,2.0348453000992057,2026-10-01 17:45:26.567574,2026-10-01 17:45:27.346042,0 days 00:00:00.778468,,1.0,1,160,0.10755674843175521,"[2.0442187500000033, 2.047978515624999, 1.8527832031249982, 2.122926587301589, 2.10631944444444]","{""max_depth"": null, ""max_features"": 1.0, ""min_samples_leaf"": 1, ""n_estimators"": 160}",COMPLETE
12,2.0127238591269845,2026-10-01 17:45:27.346084,2026-10-01 17:45:28.203099,0 days 00:00:00.857015,,0.7,1,200,0.10418291312481663,"[1.992187500000004, 2.010726562499999, 1.8635703124999985, 2.1533650793650816, 2.0437698412698393]","{""max_depth"": null, ""max_features"": 0.7, ""min_samples_leaf"": 1, ""n_estimators"": 200}",COMPLETE
13,2.012856812169312,2026-10-01 17:45:28.203141,2026-10-01 17:45:29.241559,0 days 00:00:01.038418,,0.7,1,240,0.09587821617085553,"[1.9848242187500045, 2.0286783854166686, 1.8770182291666613, 2.143108465608468, 2.030654761904759]","{""max_depth"": null, ""max_features"": 0.7, ""min_samples_leaf"": 1, ""n_estimators"": 240}",COMPLETE
14,2.0451781544921475,2026-10-01 17:45:29.241599,2026-10-01 17:45:30.218816,0 days 00:00:00.977217,,0.7,2,240,0.1070430797091243,"[2.0933506108330318, 2.018633939610017, 1.8772531156994035, 2.162527840765935, 2.07412526555235]","{""max_depth"": null, ""max_features"": 0.7, ""min_samples_leaf"": 2, ""n_estimators"": 240}",COMPLETE
15,2.037347642491025,2026-10-01 17:45:30.218854,2026-10-01 17:45:31.021226,0 days 00:00:00.802372,,0.7,2,200,0.10594567395791066,"[2.095085995276426, 2.0191482605068574, 1.8622200117807532, 2.131325736961451, 2.0789582079296367]","{""max_depth"": null, ""max_features"": 0.7, ""min_samples_leaf"": 2, ""n_estimators"": 200}",COMPLETE
16,2.0688983018554383,2026-10-01 17:45:31.021268,2026-10-01 17:45:31.778122,0 days 00:00:00.756854,6.0,0.7,2,200,0.10101674513763578,"[2.0983269410287404, 2.0711294805774916, 1.9004025764215156, 2.170434724379107, 2.104197786870339]","{""max_depth"": 6, ""max_features"": 0.7, ""min_samples_leaf"": 2, ""n_estimators"": 200}",COMPLETE
17,2.1855748739094425,2026-10-01 17:45:31.778162,2026-10-01 17:45:32.598185,0 days 00:00:00.820023,4.0,0.7,1,240,0.042649684597850165,"[2.1827798869440356, 2.1930916997611747, 2.1148492707739157, 2.222533293393047, 2.2146202186750363]","{""max_depth"": 4, ""max_features"": 0.7, ""min_samples_leaf"": 1, ""n_estimators"": 240}",COMPLETE
18,2.0328601810515874,2026-10-01 17:45:32.598227,2026-10-01 17:45:33.740016,0 days 00:00:01.141789,,1.0,1,240,0.10497083939243788,"[2.0229622395833387, 2.035234374999999, 1.8662630208333284, 2.1429232804232834, 2.0969179894179866]","{""max_depth"": null, ""max_features"": 1.0, ""min_samples_leaf"": 1, ""n_estimators"": 240}",COMPLETE
19,2.065094802312437,2026-10-01 17:45:33.740058,2026-10-01 17:45:34.634426,0 days 00:00:00.894368,10.0,0.7,3,240,0.11981460012566632,"[2.1255342287017105, 2.046512004434369, 1.869818303080023, 2.1837700176990857, 2.099839457646996]","{""max_depth"": 10, ""max_features"": 0.7, ""min_samples_leaf"": 3, ""n_estimators"": 240}",COMPLETE
