number,value,datetime_start,datetime_complete,duration,params_colsample_bytree,params_learning_rate,params_min_child_samples,params_n_estimators,params_num_leaves,params_reg_lambda,user_attrs_dp_mae,user_attrs_mae_por_fold,system_attrs_tpe:relative_params:0,state
0,2.086864586560581,2026-10-01 17:45:38.848146,2026-10-01 17:45:38.938753,0 days 00:00:00.090607,0.7468055921327309,0.10790061933340454,17,120,24,0.029375384576328288,0.2533015304293204,"[2.2054329421996592, 1.8625991908187647, 1.9145706232396618, 1.9768936951627372, 2.474826481382081]",,COMPLETE
1,2.1244497616268037,2026-10-01 17:45:38.938785,2026-10-01 17:45:39.004522,0 days 00:00:00.065737,0.7061753482887407,0.0798261175712336,19,80,23,8.123245085588687,0.2140818549207781,"[2.2754758309420957, 2.00055645601388, 1.9019318521696111, 2.026484674269888, 2.4177999947385436]",,COMPLETE
2,2.051812467463904,2026-10-01 17:45:39.004563,2026-10-01 17:45:39.121407,0 days 00:00:00.116844,0.7912726728878613,0.030398696602619617,8,240,9,0.3752055855124282,0.1799496246790246,"[2.2183086731377837, 1.795316453410241, 1.942839171648226, 2.1046838360816174, 2.197914203041652]",,COMPLETE
3,2.022633689369311,2026-10-01 17:45:39.121450,2026-10-01 17:45:39.222240,0 days 00:00:00.100790,0.7876433945605654,0.08182441148887568,7,160,11,0.1256277350380703,0.2056523303857715,"[2.0413910181729507, 1.7877152632056617, 1.8784992991416503, 2.0845615575012637, 2.321001308825029]",,COMPLETE
4,2.0223092637723923,2026-10-01 17:45:39.222281,2026-10-01 17:45:39.325175,0 days 00:00:00.102894,0.8777243706586128,0.031674063118237505,15,160,21,0.013783237455007183,0.1678714024196107,"[2.141753627437491, 1.8422833360541473, 1.8455738928196852, 2.0832967456193807, 2.1986387169312582]",,COMPLETE
5,2.1266564314994905,2026-10-01 17:45:39.325213,2026-10-01 17:45:39.420735,0 days 00:00:00.095522,0.9896896099223678,0.023231731978492907,24,200,8,2.6619018884890564,0.17656852307267612,"[2.291188669196757, 1.9723872713930903, 1.9363093912410396, 2.113284608584338, 2.320112217082228]",,COMPLETE
6,2.0495668712629955,2026-10-01 17:45:39.420775,2026-10-01 17:45:39.497359,0 days 00:00:00.076584,0.7366114704534336,0.09666361264976928,14,120,7,0.3058656666978526,0.15834538844786333,"[2.1016003747174414, 1.8358624693759749, 1.955311804781282, 2.1058258650338093, 2.24923384240647]",,COMPLETE
7,2.1292206572247347,2026-10-01 17:45:39.497399,2026-10-01 17:45:39.563125,0 days 00:00:00.065726,0.7935133228268233,0.0362919227069805,18,80,24,0.3632486956676606,0.19331393852688322,"[2.3016800808550535, 1.9959225200603543, 1.9325756500971027, 2.048430938895188, 2.367494096215976]",,COMPLETE
8,2.0678900546945274,2026-10-01 17:45:39.563164,2026-10-01 17:45:39.650880,0 days 00:00:00.087716,0.9818496824692567,0.1864724270356296,21,160,8,4.83595277646595,0.26251421089076066,"[2.28003394942605, 1.8899439462428527, 1.8406250692666395, 1.9107524607931459, 2.418094847743947]",,COMPLETE
9,2.0170292746130327,2026-10-01 17:45:39.650920,2026-10-01 17:45:39.777729,0 days 00:00:00.126809,0.7135681866731614,0.024520114718375053,9,160,24,0.09462175356461491,0.1490161655674282,"[2.2137816361510403, 1.8304539765962031, 1.922818703784342, 2.0210000694159698, 2.097091987117608]",,COMPLETE
10,2.155348937645706,2026-10-01 17:45:39.777770,2026-10-01 17:45:39.858718,0 days 00:00:00.080948,0.7252703560217915,0.03446808447911828,11,80,13,1.3511605299537597,0.1670117574366941,"[2.2898716407091637, 2.137590928545718, 1.939956924099235, 2.059916940545522, 2.349408254328893]","{""colsample_bytree"": 0.7252703560217915, ""learning_rate"": 0.03446808447911828, ""min_child_samples"": 11, ""n_estimators"": 80, ""num_leaves"": 13, ""reg_lambda"": 1.3511605299537597}",COMPLETE
11,2.0206342987443344,2026-10-01 17:45:39.858759,2026-10-01 17:45:39.978060,0 days 00:00:00.119301,0.8448739303023713,0.02601214928007914,12,160,24,0.011223501989462823,0.16567264893403316,"[2.1324264068702266, 1.8457146324563536, 1.859376503084788, 2.0447449935023254, 2.2209089578079784]","{""colsample_bytree"": 0.8448739303023713, ""learning_rate"": 0.02601214928007914, ""min_child_samples"": 12, ""n_estimators"": 160, ""num_leaves"": 24, ""reg_lambda"": 0.011223501989462823}",COMPLETE
12,2.119412283188461,2026-10-01 17:45:39.978103,2026-10-01 17:45:40.079178,0 days 00:00:00.101075,0.9506855474814406,0.02023488985516728,16,160,22,0.1773603290195949,0.17160620716668676,"[2.2991080551172463, 1.9983458685141682, 1.9069987548671588, 2.1129292480559396, 2.279679489387793]","{""colsample_bytree"": 0.9506855474814406, ""learning_rate"": 0.02023488985516728, ""min_child_samples"": 16, ""n_estimators"": 160, ""num_leaves"": 22, ""reg_lambda"": 0.1773603290195949}",COMPLETE
13,2.036167770661291,2026-10-01 17:45:40.079219,2026-10-01 17:45:40.243104,0 days 00:00:00.163885,0.7224159059075052,0.020286001220928673,6,200,21,0.18683380812211417,0.2390330343188881,"[2.264925411599498, 1.744369690082434, 1.8527641952927565, 2.0430566570421567, 2.275722899289609]","{""colsample_bytree"": 0.7224159059075052, ""learning_rate"": 0.020286001220928673, ""min_child_samples"": 6, ""n_estimators"": 200, ""num_leaves"": 21, ""reg_lambda"": 0.18683380812211417}",COMPLETE
14,2.014023717621673,2026-10-01 17:45:40.243148,2026-10-01 17:45:40.394560,0 days 00:00:00.151412,0.802754798121327,0.028058970501883017,7,200,19,0.10435011551104695,0.2547888533085093,"[2.2048525246937754, 1.6956954570517802, 1.8320511395327255, 2.0257205156258364, 2.3117989512042474]","{""colsample_bytree"": 0.802754798121327, ""learning_rate"": 0.028058970501883017, ""min_child_samples"": 7, ""n_estimators"": 200, ""num_leaves"": 19, ""reg_lambda"": 0.10435011551104695}",COMPLETE
15,2.010779570548606,2026-10-01 17:45:40.394604,2026-10-01 17:45:40.571487,0 days 00:00:00.176883,0.8269628229845762,0.02623983405326118,8,240,20,0.1227494275976871,0.23011958300801838,"[2.1438326389675115, 1.7405277846508467, 1.8170008685613452, 2.056356371581089, 2.2961801889822397]","{""colsample_bytree"": 0.8269628229845762, ""learning_rate"": 0.02623983405326118, ""min_child_samples"": 8, ""n_estimators"": 240, ""num_leaves"": 20, ""reg_lambda"": 0.1227494275976871}",COMPLETE
16,2.0124359657377173,2026-10-01 17:45:40.571529,2026-10-01 17:45:40.711730,0 days 00:00:00.140201,0.8326979941139255,0.022754191055601686,11,200,19,0.3589574256389994,0.17238333760063845,"[2.116115206457499, 1.8125181336491258, 1.876895711919543, 2.0212841373040717, 2.2353666393583462]","{""colsample_bytree"": 0.8326979941139255, ""learning_rate"": 0.022754191055601686, ""min_child_samples"": 11, ""n_estimators"": 200, ""num_leaves"": 19, ""reg_lambda"": 0.3589574256389994}",COMPLETE
17,2.0181417801017916,2026-10-01 17:45:40.711774,2026-10-01 17:45:40.862353,0 days 00:00:00.150579,0.8585650271077964,0.046929311499265276,9,200,18,0.01896668717716024,0.24004981162864228,"[2.196680110376721, 1.6782250899598425, 1.8883815360324903, 2.0544915958382135, 2.27293056830169]","{""colsample_bytree"": 0.8585650271077964, ""learning_rate"": 0.046929311499265276, ""min_child_samples"": 9, ""n_estimators"": 200, ""num_leaves"": 18, ""reg_lambda"": 0.01896668717716024}",COMPLETE
18,2.0335163644406844,2026-10-01 17:45:40.862395,2026-10-01 17:45:41.013248,0 days 00:00:00.150853,0.8220199364242632,0.02126380347675358,12,240,17,0.46027098366150737,0.16042908676809614,"[2.109449090591165, 1.8483537827668637, 1.9024621093157312, 2.0618554724514517, 2.24546136707821]","{""colsample_bytree"": 0.8220199364242632, ""learning_rate"": 0.02126380347675358, ""min_child_samples"": 12, ""n_estimators"": 240, ""num_leaves"": 17, ""reg_lambda"": 0.46027098366150737}",COMPLETE
19,2.024695108999274,2026-10-01 17:45:41.013289,2026-10-01 17:45:41.205120,0 days 00:00:00.191831,0.8638071230386747,0.025490336032564266,6,240,22,0.06450576924445271,0.27219644288493583,"[2.1759164231459547, 1.6827467891827435, 1.817145514756096, 2.093108285682559, 2.3545585322290177]","{""colsample_bytree"": 0.8638071230386747, ""learning_rate"": 0.025490336032564266, ""min_child_samples"": 6, ""n_estimators"": 240, ""num_leaves"": 22, ""reg_lambda"": 0.06450576924445271}",COMPLETE
